-------------------------------------------------------------------------------
Test set: com.sg.SuperHeroSightings.dao.SightingDaoDBTest
-------------------------------------------------------------------------------
Tests run: 7, Failures: 0, Errors: 7, Skipped: 0, Time elapsed: 7.199 s <<< FAILURE! - in com.sg.SuperHeroSightings.dao.SightingDaoDBTest
testGetAllSightings  Time elapsed: 1.071 s  <<< ERROR!
org.springframework.jdbc.CannotGetJdbcConnectionException: Failed to obtain JDBC Connection; nested exception is java.sql.SQLException: Access denied for user 'root'@'localhost' (using password: YES)
	at com.sg.SuperHeroSightings.dao.SightingDaoDBTest.setUp(SightingDaoDBTest.java:61)
Caused by: java.sql.SQLException: Access denied for user 'root'@'localhost' (using password: YES)
	at com.sg.SuperHeroSightings.dao.SightingDaoDBTest.setUp(SightingDaoDBTest.java:61)

testDeleteSightingById  Time elapsed: 1.022 s  <<< ERROR!
org.springframework.jdbc.CannotGetJdbcConnectionException: Failed to obtain JDBC Connection; nested exception is java.sql.SQLException: Access denied for user 'root'@'localhost' (using password: YES)
	at com.sg.SuperHeroSightings.dao.SightingDaoDBTest.setUp(SightingDaoDBTest.java:61)
Caused by: java.sql.SQLException: Access denied for user 'root'@'localhost' (using password: YES)
	at com.sg.SuperHeroSightings.dao.SightingDaoDBTest.setUp(SightingDaoDBTest.java:61)

testGetSightingsAtLocation  Time elapsed: 1.024 s  <<< ERROR!
org.springframework.jdbc.CannotGetJdbcConnectionException: Failed to obtain JDBC Connection; nested exception is java.sql.SQLException: Access denied for user 'root'@'localhost' (using password: YES)
	at com.sg.SuperHeroSightings.dao.SightingDaoDBTest.setUp(SightingDaoDBTest.java:61)
Caused by: java.sql.SQLException: Access denied for user 'root'@'localhost' (using password: YES)
	at com.sg.SuperHeroSightings.dao.SightingDaoDBTest.setUp(SightingDaoDBTest.java:61)

testUpdateSighting  Time elapsed: 1.014 s  <<< ERROR!
org.springframework.jdbc.CannotGetJdbcConnectionException: Failed to obtain JDBC Connection; nested exception is java.sql.SQLException: Access denied for user 'root'@'localhost' (using password: YES)
	at com.sg.SuperHeroSightings.dao.SightingDaoDBTest.setUp(SightingDaoDBTest.java:61)
Caused by: java.sql.SQLException: Access denied for user 'root'@'localhost' (using password: YES)
	at com.sg.SuperHeroSightings.dao.SightingDaoDBTest.setUp(SightingDaoDBTest.java:61)

testGetSightingsOfHero  Time elapsed: 1.016 s  <<< ERROR!
org.springframework.jdbc.CannotGetJdbcConnectionException: Failed to obtain JDBC Connection; nested exception is java.sql.SQLException: Access denied for user 'root'@'localhost' (using password: YES)
	at com.sg.SuperHeroSightings.dao.SightingDaoDBTest.setUp(SightingDaoDBTest.java:61)
Caused by: java.sql.SQLException: Access denied for user 'root'@'localhost' (using password: YES)
	at com.sg.SuperHeroSightings.dao.SightingDaoDBTest.setUp(SightingDaoDBTest.java:61)

testAddGetSightingById  Time elapsed: 1.02 s  <<< ERROR!
org.springframework.jdbc.CannotGetJdbcConnectionException: Failed to obtain JDBC Connection; nested exception is java.sql.SQLException: Access denied for user 'root'@'localhost' (using password: YES)
	at com.sg.SuperHeroSightings.dao.SightingDaoDBTest.setUp(SightingDaoDBTest.java:61)
Caused by: java.sql.SQLException: Access denied for user 'root'@'localhost' (using password: YES)
	at com.sg.SuperHeroSightings.dao.SightingDaoDBTest.setUp(SightingDaoDBTest.java:61)

testGetSightingsFromDate  Time elapsed: 1.026 s  <<< ERROR!
org.springframework.jdbc.CannotGetJdbcConnectionException: Failed to obtain JDBC Connection; nested exception is java.sql.SQLException: Access denied for user 'root'@'localhost' (using password: YES)
	at com.sg.SuperHeroSightings.dao.SightingDaoDBTest.setUp(SightingDaoDBTest.java:61)
Caused by: java.sql.SQLException: Access denied for user 'root'@'localhost' (using password: YES)
	at com.sg.SuperHeroSightings.dao.SightingDaoDBTest.setUp(SightingDaoDBTest.java:61)

