-------------------------------------------------------------------------------
Test set: com.sg.SuperHeroSightings.dao.HeroDaoDBTest
-------------------------------------------------------------------------------
Tests run: 5, Failures: 0, Errors: 5, Skipped: 0, Time elapsed: 6.472 s <<< FAILURE! - in com.sg.SuperHeroSightings.dao.HeroDaoDBTest
testUpdateHero  Time elapsed: 1.396 s  <<< ERROR!
org.springframework.jdbc.CannotGetJdbcConnectionException: Failed to obtain JDBC Connection; nested exception is java.sql.SQLException: Access denied for user 'root'@'localhost' (using password: YES)
	at com.sg.SuperHeroSightings.dao.HeroDaoDBTest.setUp(HeroDaoDBTest.java:59)
Caused by: java.sql.SQLException: Access denied for user 'root'@'localhost' (using password: YES)
	at com.sg.SuperHeroSightings.dao.HeroDaoDBTest.setUp(HeroDaoDBTest.java:59)

testGetHeroesBySuperpower  Time elapsed: 1.032 s  <<< ERROR!
org.springframework.jdbc.CannotGetJdbcConnectionException: Failed to obtain JDBC Connection; nested exception is java.sql.SQLException: Access denied for user 'root'@'localhost' (using password: YES)
	at com.sg.SuperHeroSightings.dao.HeroDaoDBTest.setUp(HeroDaoDBTest.java:59)
Caused by: java.sql.SQLException: Access denied for user 'root'@'localhost' (using password: YES)
	at com.sg.SuperHeroSightings.dao.HeroDaoDBTest.setUp(HeroDaoDBTest.java:59)

testGetAllHeroes  Time elapsed: 1.017 s  <<< ERROR!
org.springframework.jdbc.CannotGetJdbcConnectionException: Failed to obtain JDBC Connection; nested exception is java.sql.SQLException: Access denied for user 'root'@'localhost' (using password: YES)
	at com.sg.SuperHeroSightings.dao.HeroDaoDBTest.setUp(HeroDaoDBTest.java:59)
Caused by: java.sql.SQLException: Access denied for user 'root'@'localhost' (using password: YES)
	at com.sg.SuperHeroSightings.dao.HeroDaoDBTest.setUp(HeroDaoDBTest.java:59)

testDeleteHeroById  Time elapsed: 1.014 s  <<< ERROR!
org.springframework.jdbc.CannotGetJdbcConnectionException: Failed to obtain JDBC Connection; nested exception is java.sql.SQLException: Access denied for user 'root'@'localhost' (using password: YES)
	at com.sg.SuperHeroSightings.dao.HeroDaoDBTest.setUp(HeroDaoDBTest.java:59)
Caused by: java.sql.SQLException: Access denied for user 'root'@'localhost' (using password: YES)
	at com.sg.SuperHeroSightings.dao.HeroDaoDBTest.setUp(HeroDaoDBTest.java:59)

testAddGetHeroById  Time elapsed: 1.023 s  <<< ERROR!
org.springframework.jdbc.CannotGetJdbcConnectionException: Failed to obtain JDBC Connection; nested exception is java.sql.SQLException: Access denied for user 'root'@'localhost' (using password: YES)
	at com.sg.SuperHeroSightings.dao.HeroDaoDBTest.setUp(HeroDaoDBTest.java:59)
Caused by: java.sql.SQLException: Access denied for user 'root'@'localhost' (using password: YES)
	at com.sg.SuperHeroSightings.dao.HeroDaoDBTest.setUp(HeroDaoDBTest.java:59)

